Sat Jun  6 22:57:56 UTC 2026
Sun Jun  7 13:54:39 UTC 2026
Mon Jun  8 15:54:45 UTC 2026
Tue Jun  9 14:53:51 UTC 2026
Wed Jun 10 15:40:45 UTC 2026
Thu Jun 11 16:03:37 UTC 2026
Fri Jun 12 15:17:02 UTC 2026
Sat Jun 13 14:01:26 UTC 2026
Sun Jun 14 14:04:46 UTC 2026
Mon Jun 15 17:15:48 UTC 2026
Tue Jun 16 16:54:23 UTC 2026
Wed Jun 17 15:33:45 UTC 2026
Thu Jun 18 15:26:53 UTC 2026
Fri Jun 19 15:20:05 UTC 2026
Sat Jun 20 14:06:14 UTC 2026
Sun Jun 21 14:12:26 UTC 2026
Mon Jun 22 16:59:02 UTC 2026
Tue Jun 23 14:50:47 UTC 2026
Wed Jun 24 14:32:27 UTC 2026
Thu Jun 25 14:35:02 UTC 2026
Fri Jun 26 14:26:09 UTC 2026
Sat Jun 27 13:44:32 UTC 2026
Sun Jun 28 13:47:53 UTC 2026
